{
  "/Users/matt/Sites/templates/jest-test/index.ts": {
    "path": "/Users/matt/Sites/templates/jest-test/index.ts",
    "statementMap": {
      "0": {
        "start": { "line": 3, "column": 16 },
        "end": { "line": 3, "column": 32 }
      },
      "1": {
        "start": { "line": 4, "column": 26 },
        "end": { "line": 4, "column": 28 }
      },
      "2": {
        "start": { "line": 5, "column": 4 },
        "end": { "line": 7, "column": null }
      },
      "3": {
        "start": { "line": 6, "column": 6 },
        "end": { "line": 6, "column": 79 }
      },
      "4": {
        "start": { "line": 8, "column": 4 },
        "end": { "line": 8, "column": null }
      },
      "5": {
        "start": { "line": 1, "column": 0 },
        "end": { "line": 1, "column": 13 }
      },
      "6": {
        "start": { "line": 12, "column": 0 },
        "end": { "line": 12, "column": null }
      }
    },
    "fnMap": {
      "0": {
        "name": "(anonymous_0)",
        "decl": {
          "start": { "line": 2, "column": 2 },
          "end": { "line": 2, "column": 8 }
        },
        "loc": {
          "start": { "line": 2, "column": 32 },
          "end": { "line": 9, "column": 3 }
        }
      },
      "1": {
        "name": "(anonymous_1)",
        "decl": {
          "start": { "line": 5, "column": 16 },
          "end": { "line": 5, "column": 18 }
        },
        "loc": {
          "start": { "line": 6, "column": 6 },
          "end": { "line": 6, "column": 79 }
        }
      }
    },
    "branchMap": {
      "0": {
        "loc": {
          "start": { "line": 6, "column": 23 },
          "end": { "line": 6, "column": 64 }
        },
        "type": "cond-expr",
        "locations": [
          {
            "start": { "line": 6, "column": 23 },
            "end": { "line": 6, "column": 64 }
          },
          {
            "start": { "line": 6, "column": 67 },
            "end": { "line": 6, "column": 79 }
          }
        ]
      }
    },
    "s": { "0": 2, "1": 2, "2": 2, "3": 6, "4": 2, "5": 1, "6": 1 },
    "f": { "0": 2, "1": 6 },
    "b": { "0": [4, 2] }
  }
}
